Detecting C compiler ABI info failed to compile with the following output:
Change Dir: /cygdrive/e/git/cpp/cpp_cmake/Demo1/CMakeFiles/CMakeTmp

Run Build Command(s):/cygdrive/c/Strawberry/c/bin/gmake.exe cmTC_5aee0/fast 
C:/Strawberry/c/bin/gmake -f CMakeFiles/cmTC_5aee0.dir/build.make CMakeFiles/cmTC_5aee0.dir/build
gmake[1]: Entering directory 'E:/git/cpp/cpp_cmake/Demo1/CMakeFiles/CMakeTmp'
gmake[1]: *** No rule to make target '/usr/share/cmake-3.14.5/Modules/CMakeCCompilerABI.c', needed by 'CMakeFiles/cmTC_5aee0.dir/CMakeCCompilerABI.c.o'.  Stop.
gmake[1]: Leaving directory 'E:/git/cpp/cpp_cmake/Demo1/CMakeFiles/CMakeTmp'
makefile:121: recipe for target 'cmTC_5aee0/fast' failed
gmake: *** [cmTC_5aee0/fast] Error 2



Detecting C [-std=c11] compiler features failed to compile with the following output:
Change Dir: /cygdrive/e/git/cpp/cpp_cmake/Demo1/CMakeFiles/CMakeTmp

Run Build Command(s):/cygdrive/c/Strawberry/c/bin/gmake.exe cmTC_02748/fast 
C:/Strawberry/c/bin/gmake -f CMakeFiles/cmTC_02748.dir/build.make CMakeFiles/cmTC_02748.dir/build
gmake[1]: Entering directory 'E:/git/cpp/cpp_cmake/Demo1/CMakeFiles/CMakeTmp'
gmake[1]: *** No rule to make target '/cygdrive/e/git/cpp/cpp_cmake/Demo1/CMakeFiles/feature_tests.c', needed by 'CMakeFiles/cmTC_02748.dir/feature_tests.c.o'.  Stop.
gmake[1]: Leaving directory 'E:/git/cpp/cpp_cmake/Demo1/CMakeFiles/CMakeTmp'
makefile:121: recipe for target 'cmTC_02748/fast' failed
gmake: *** [cmTC_02748/fast] Error 2



Detecting CXX compiler ABI info failed to compile with the following output:
Change Dir: /cygdrive/e/git/cpp/cpp_cmake/Demo1/CMakeFiles/CMakeTmp

Run Build Command(s):/cygdrive/c/Strawberry/c/bin/gmake.exe cmTC_a694b/fast 
C:/Strawberry/c/bin/gmake -f CMakeFiles/cmTC_a694b.dir/build.make CMakeFiles/cmTC_a694b.dir/build
gmake[1]: Entering directory 'E:/git/cpp/cpp_cmake/Demo1/CMakeFiles/CMakeTmp'
gmake[1]: *** No rule to make target '/usr/share/cmake-3.14.5/Modules/CMakeCXXCompilerABI.cpp', needed by 'CMakeFiles/cmTC_a694b.dir/CMakeCXXCompilerABI.cpp.o'.  Stop.
gmake[1]: Leaving directory 'E:/git/cpp/cpp_cmake/Demo1/CMakeFiles/CMakeTmp'
makefile:121: recipe for target 'cmTC_a694b/fast' failed
gmake: *** [cmTC_a694b/fast] Error 2



Detecting CXX [-std=c++2a] compiler features failed to compile with the following output:
Change Dir: /cygdrive/e/git/cpp/cpp_cmake/Demo1/CMakeFiles/CMakeTmp

Run Build Command(s):/cygdrive/c/Strawberry/c/bin/gmake.exe cmTC_c1420/fast 
C:/Strawberry/c/bin/gmake -f CMakeFiles/cmTC_c1420.dir/build.make CMakeFiles/cmTC_c1420.dir/build
gmake[1]: Entering directory 'E:/git/cpp/cpp_cmake/Demo1/CMakeFiles/CMakeTmp'
gmake[1]: *** No rule to make target '/cygdrive/e/git/cpp/cpp_cmake/Demo1/CMakeFiles/feature_tests.cxx', needed by 'CMakeFiles/cmTC_c1420.dir/feature_tests.cxx.o'.  Stop.
gmake[1]: Leaving directory 'E:/git/cpp/cpp_cmake/Demo1/CMakeFiles/CMakeTmp'
makefile:121: recipe for target 'cmTC_c1420/fast' failed
gmake: *** [cmTC_c1420/fast] Error 2



