The system is: CYGWIN - 3.1.4(0.340/5/3) - x86_64
Compiling the C compiler identification source file "CMakeCCompilerId.c" succeeded.
Compiler: /usr/bin/cc 
Build flags: 
Id flags:  

The output was:
0


Compilation of the C compiler identification source "CMakeCCompilerId.c" produced "a.exe"

The C compiler identification is GNU, found in "/cygdrive/e/git/cpp/cpp_cmake/Demo3/build/CMakeFiles/3.14.5/CompilerIdC/a.exe"

Compiling the CXX compiler identification source file "CMakeCXXCompilerId.cpp" succeeded.
Compiler: /usr/bin/c++.exe 
Build flags: 
Id flags:  

The output was:
0


Compilation of the CXX compiler identification source "CMakeCXXCompilerId.cpp" produced "a.exe"

The CXX compiler identification is GNU, found in "/cygdrive/e/git/cpp/cpp_cmake/Demo3/build/CMakeFiles/3.14.5/CompilerIdCXX/a.exe"

Determining if the C compiler works passed with the following output:
Change Dir: /cygdrive/e/git/cpp/cpp_cmake/Demo3/build/CMakeFiles/CMakeTmp

Run Build Command(s):/cygdrive/c/Strawberry/c/bin/gmake.exe cmTC_d10f0/fast 
C:/Strawberry/c/bin/gmake -f CMakeFiles/cmTC_d10f0.dir/build.make CMakeFiles/cmTC_d10f0.dir/build
gmake[1]: Entering directory 'E:/git/cpp/cpp_cmake/Demo3/build/CMakeFiles/CMakeTmp'
Building C object CMakeFiles/cmTC_d10f0.dir/testCCompiler.c.o
/usr/bin/cc    -o CMakeFiles/cmTC_d10f0.dir/testCCompiler.c.o   -c /cygdrive/e/git/cpp/cpp_cmake/Demo3/build/CMakeFiles/CMakeTmp/testCCompiler.c
Linking C executable cmTC_d10f0.exe
/usr/bin/cmake.exe -E cmake_link_script CMakeFiles/cmTC_d10f0.dir/link.txt --verbose=1
/usr/bin/cc    -Wl,--enable-auto-import  CMakeFiles/cmTC_d10f0.dir/testCCompiler.c.o  -o cmTC_d10f0.exe -Wl,--out-implib,libcmTC_d10f0.dll.a -Wl,--major-image-version,0,--minor-image-version,0 
gmake[1]: Leaving directory 'E:/git/cpp/cpp_cmake/Demo3/build/CMakeFiles/CMakeTmp'


Determining if the CXX compiler works passed with the following output:
Change Dir: /cygdrive/e/git/cpp/cpp_cmake/Demo3/build/CMakeFiles/CMakeTmp

Run Build Command(s):/cygdrive/c/Strawberry/c/bin/gmake.exe cmTC_80102/fast 
C:/Strawberry/c/bin/gmake -f CMakeFiles/cmTC_80102.dir/build.make CMakeFiles/cmTC_80102.dir/build
gmake[1]: Entering directory 'E:/git/cpp/cpp_cmake/Demo3/build/CMakeFiles/CMakeTmp'
Building CXX object CMakeFiles/cmTC_80102.dir/testCXXCompiler.cxx.o
/usr/bin/c++.exe     -o CMakeFiles/cmTC_80102.dir/testCXXCompiler.cxx.o -c /cygdrive/e/git/cpp/cpp_cmake/Demo3/build/CMakeFiles/CMakeTmp/testCXXCompiler.cxx
Linking CXX executable cmTC_80102.exe
/usr/bin/cmake.exe -E cmake_link_script CMakeFiles/cmTC_80102.dir/link.txt --verbose=1
/usr/bin/c++.exe    -Wl,--enable-auto-import  CMakeFiles/cmTC_80102.dir/testCXXCompiler.cxx.o  -o cmTC_80102.exe -Wl,--out-implib,libcmTC_80102.dll.a -Wl,--major-image-version,0,--minor-image-version,0 
gmake[1]: Leaving directory 'E:/git/cpp/cpp_cmake/Demo3/build/CMakeFiles/CMakeTmp'


